VLCDemo/build/outputs/logs/manifest-merger-debug-report.txt
-- Merging decision tree log ---
manifest
ADDED from workspace\VLCDemo\AndroidManifest.xml:2:1-471:12
	package
		ADDED from workspace\VLCDemo\AndroidManifest.xml:3:5-30
	android:versionName
		ADDED from workspace\VLCDemo\AndroidManifest.xml:6:5-30
		INJECTED from workspace\VLCDemo\AndroidManifest.xml
		INJECTED from workspace\VLCDemo\AndroidManifest.xml
	android:versionCode
		ADDED from workspace\VLCDemo\AndroidManifest.xml:5:5-28
		INJECTED from workspace\VLCDemo\AndroidManifest.xml
		INJECTED from workspace\VLCDemo\AndroidManifest.xml
	xmlns:android
		ADDED from workspace\VLCDemo\AndroidManifest.xml:2:11-69
	android:installLocation
		ADDED from workspace\VLCDemo\AndroidManifest.xml:4:5-45
uses-sdk
ADDED from workspace\VLCDemo\AndroidManifest.xml:8:5-10:41
	android:targetSdkVersion
		ADDED from workspace\VLCDemo\AndroidManifest.xml:10:9-38
	android:minSdkVersion
		ADDED from workspace\VLCDemo\AndroidManifest.xml:9:9-34
uses-permission#com.android.launcher.permission.READ_SETTINGS
ADDED from workspace\VLCDemo\AndroidManifest.xml:12:5-85
	android:name
		ADDED from workspace\VLCDemo\AndroidManifest.xml:12:22-82
uses-permission#com.android.launcher.permission.INSTALL_SHORTCUT
ADDED from workspace\VLCDemo\AndroidManifest.xml:13:5-88
	android:name
		ADDED from workspace\VLCDemo\AndroidManifest.xml:13:22-85
uses-permission#android.permission.INTERNET
ADDED from workspace\VLCDemo\AndroidManifest.xml:14:5-67
	android:name
		ADDED from workspace\VLCDemo\AndroidManifest.xml:14:22-64
uses-permission#android.permission.READ_PHONE_STATE
ADDED from workspace\VLCDemo\AndroidManifest.xml:15:5-75
	android:name
		ADDED from workspace\VLCDemo\AndroidManifest.xml:15:22-72
uses-permission#android.permission.SEND_SMS
ADDED from workspace\VLCDemo\AndroidManifest.xml:16:5-67
	android:name
		ADDED from workspace\VLCDemo\AndroidManifest.xml:16:22-64
uses-permission#android.permission.CALL_PHONE
ADDED from workspace\VLCDemo\AndroidManifest.xml:17:5-69
	android:name
		ADDED from workspace\VLCDemo\AndroidManifest.xml:17:22-66
uses-permission#android.permission.WRITE_CONTACTS
ADDED from workspace\VLCDemo\AndroidManifest.xml:18:5-73
	android:name
		ADDED from workspace\VLCDemo\AndroidManifest.xml:18:22-70
uses-permission#android.permission.WRITE_EXTERNAL_STORAGE
ADDED from workspace\VLCDemo\AndroidManifest.xml:19:5-81
	android:name
		ADDED from workspace\VLCDemo\AndroidManifest.xml:19:22-78
uses-permission#android.permission.MOUNT_UNMOUNT_FILESYSTEMS
ADDED from workspace\VLCDemo\AndroidManifest.xml:20:5-84
	android:name
		ADDED from workspace\VLCDemo\AndroidManifest.xml:20:22-81
uses-permission#android.permission.ACCESS_NETWORK_STATE
ADDED from workspace\VLCDemo\AndroidManifest.xml:21:5-79
	android:name
		ADDED from workspace\VLCDemo\AndroidManifest.xml:21:22-76
uses-permission#android.permission.VIBRATE
ADDED from workspace\VLCDemo\AndroidManifest.xml:22:5-66
	android:name
		ADDED from workspace\VLCDemo\AndroidManifest.xml:22:22-63
uses-permission#android.permission.WAKE_LOCK
ADDED from workspace\VLCDemo\AndroidManifest.xml:23:5-68
	android:name
		ADDED from workspace\VLCDemo\AndroidManifest.xml:23:22-65
uses-permission#android.permission.READ_EXTERNAL_STORAGE
ADDED from workspace\VLCDemo\AndroidManifest.xml:24:5-80
	android:name
		ADDED from workspace\VLCDemo\AndroidManifest.xml:24:22-77
uses-permission#android.permission.READ_LOGS
ADDED from workspace\VLCDemo\AndroidManifest.xml:25:5-68
	android:name
		ADDED from workspace\VLCDemo\AndroidManifest.xml:25:22-65
uses-permission#android.permission.ACCESS_WIFI_STATE
ADDED from workspace\VLCDemo\AndroidManifest.xml:26:5-76
	android:name
		ADDED from workspace\VLCDemo\AndroidManifest.xml:26:22-73
uses-permission#android.permission.CHANGE_WIFI_MULTICAST_STATE
ADDED from workspace\VLCDemo\AndroidManifest.xml:27:5-86
	android:name
		ADDED from workspace\VLCDemo\AndroidManifest.xml:27:22-83
uses-permission#android.permission.CAMERA
ADDED from workspace\VLCDemo\AndroidManifest.xml:28:5-65
	android:name
		ADDED from workspace\VLCDemo\AndroidManifest.xml:28:22-62
uses-feature#android.hardware.camera
ADDED from workspace\VLCDemo\AndroidManifest.xml:30:5-60
	android:name
		ADDED from workspace\VLCDemo\AndroidManifest.xml:30:19-57
uses-feature#android.hardware.camera.autofocus
ADDED from workspace\VLCDemo\AndroidManifest.xml:31:5-70
	android:name
		ADDED from workspace\VLCDemo\AndroidManifest.xml:31:19-67
uses-permission#android.permission.RECORD_AUDIO
ADDED from workspace\VLCDemo\AndroidManifest.xml:33:5-71
	android:name
		ADDED from workspace\VLCDemo\AndroidManifest.xml:33:22-68
uses-permission#android.permission.RESTART_PACKAGES
ADDED from workspace\VLCDemo\AndroidManifest.xml:39:5-75
	android:name
		ADDED from workspace\VLCDemo\AndroidManifest.xml:39:22-72
uses-permission#android.permission.GET_TASKS
ADDED from workspace\VLCDemo\AndroidManifest.xml:40:5-68
	android:name
		ADDED from workspace\VLCDemo\AndroidManifest.xml:40:22-65
uses-permission#android.permission.WRITE_OWNER_DATA
ADDED from workspace\VLCDemo\AndroidManifest.xml:42:5-75
	android:name
		ADDED from workspace\VLCDemo\AndroidManifest.xml:42:22-72
uses-permission#android.permission.FLASHLIGHT
ADDED from workspace\VLCDemo\AndroidManifest.xml:45:5-69
	android:name
		ADDED from workspace\VLCDemo\AndroidManifest.xml:45:22-66
uses-permission#android.permission.RECEIVE_BOOT_COMPLETED
ADDED from workspace\VLCDemo\AndroidManifest.xml:47:5-81
	android:name
		ADDED from workspace\VLCDemo\AndroidManifest.xml:47:22-78
uses-permission#android.permission.ACCESS_COARSE_LOCATION
ADDED from workspace\VLCDemo\AndroidManifest.xml:49:5-81
	android:name
		ADDED from workspace\VLCDemo\AndroidManifest.xml:49:22-78
uses-permission#android.permission.ACCESS_FINE_LOCATION
ADDED from workspace\VLCDemo\AndroidManifest.xml:50:5-79
	android:name
		ADDED from workspace\VLCDemo\AndroidManifest.xml:50:22-76
uses-permission#android.permission.CHANGE_WIFI_STATE
ADDED from workspace\VLCDemo\AndroidManifest.xml:51:5-76
	android:name
		ADDED from workspace\VLCDemo\AndroidManifest.xml:51:22-73
uses-permission#android.permission.SYSTEM_ALERT_WINDOW
ADDED from workspace\VLCDemo\AndroidManifest.xml:53:5-78
	android:name
		ADDED from workspace\VLCDemo\AndroidManifest.xml:53:22-75
uses-permission#android.permission.CHANGE_CONFIGURATION
ADDED from workspace\VLCDemo\AndroidManifest.xml:54:5-79
	android:name
		ADDED from workspace\VLCDemo\AndroidManifest.xml:54:22-76
uses-permission#android.permission.GET_ACCOUNTS
ADDED from workspace\VLCDemo\AndroidManifest.xml:64:5-71
	android:name
		ADDED from workspace\VLCDemo\AndroidManifest.xml:64:22-68
supports-screens
ADDED from workspace\VLCDemo\AndroidManifest.xml:66:5-71:39
	android:largeScreens
		ADDED from workspace\VLCDemo\AndroidManifest.xml:68:9-36
	android:smallScreens
		ADDED from workspace\VLCDemo\AndroidManifest.xml:71:9-36
	android:normalScreens
		ADDED from workspace\VLCDemo\AndroidManifest.xml:69:9-37
	android:resizeable
		ADDED from workspace\VLCDemo\AndroidManifest.xml:70:9-34
	android:anyDensity
		ADDED from workspace\VLCDemo\AndroidManifest.xml:67:9-34
application
ADDED from workspace\VLCDemo\AndroidManifest.xml:73:5-469:19
	android:label
		ADDED from workspace\VLCDemo\AndroidManifest.xml:76:9-41
	android:launchMode
		ADDED from workspace\VLCDemo\AndroidManifest.xml:77:9-44
	android:icon
		ADDED from workspace\VLCDemo\AndroidManifest.xml:75:9-45
	android:theme
		ADDED from workspace\VLCDemo\AndroidManifest.xml:78:9-40
	android:name
		ADDED from workspace\VLCDemo\AndroidManifest.xml:74:9-55
activity#cn.ffcs.vlcdemo.MainActivity
ADDED from workspace\VLCDemo\AndroidManifest.xml:79:9-50
	android:name
		ADDED from workspace\VLCDemo\AndroidManifest.xml:79:19-47
activity#cn.ffcs.vlcdemo.Activityjcting
ADDED from workspace\VLCDemo\AndroidManifest.xml:80:9-52
	android:name
		ADDED from workspace\VLCDemo\AndroidManifest.xml:80:19-49
activity#cn.ffcs.vlcdemo.Activitycaochang
ADDED from workspace\VLCDemo\AndroidManifest.xml:81:9-54
	android:name
		ADDED from workspace\VLCDemo\AndroidManifest.xml:81:19-51
activity#cn.ffcs.vlcdemo.Activityyanjinghu
ADDED from workspace\VLCDemo\AndroidManifest.xml:82:9-55
	android:name
		ADDED from workspace\VLCDemo\AndroidManifest.xml:82:19-52
activity#cn.ffcs.vlcdemo.Activitykeyanlou
ADDED from workspace\VLCDemo\AndroidManifest.xml:83:9-54
	android:name
		ADDED from workspace\VLCDemo\AndroidManifest.xml:83:19-51
activity#cn.ffcs.vlcdemo.Activitycaoping
ADDED from workspace\VLCDemo\AndroidManifest.xml:84:9-53
	android:name
		ADDED from workspace\VLCDemo\AndroidManifest.xml:84:19-50
activity#cn.ffcs.vlcdemo.Activitynanmen
ADDED from workspace\VLCDemo\AndroidManifest.xml:85:9-52
	android:name
		ADDED from workspace\VLCDemo\AndroidManifest.xml:85:19-49
activity#cn.ffcs.vlcdemo.Activitymenwai
ADDED from workspace\VLCDemo\AndroidManifest.xml:86:9-52
	android:name
		ADDED from workspace\VLCDemo\AndroidManifest.xml:86:19-49
activity#cn.ffcs.vlcdemo.Activityzhengmen
ADDED from workspace\VLCDemo\AndroidManifest.xml:87:9-54
	android:name
		ADDED from workspace\VLCDemo\AndroidManifest.xml:87:19-51
activity#cn.ffcs.vlcdemo.Activityyiloudating
ADDED from workspace\VLCDemo\AndroidManifest.xml:88:9-57
	android:name
		ADDED from workspace\VLCDemo\AndroidManifest.xml:88:19-54
activity#cn.ffcs.vlcdemo.yilouzhanting
ADDED from workspace\VLCDemo\AndroidManifest.xml:89:9-51
	android:name
		ADDED from workspace\VLCDemo\AndroidManifest.xml:89:19-48
activity#cn.ffcs.vlcdemo.dongyizhanting
ADDED from workspace\VLCDemo\AndroidManifest.xml:90:9-52
	android:name
		ADDED from workspace\VLCDemo\AndroidManifest.xml:90:19-49
activity#cn.ffcs.vlcdemo.xiyizhanting
ADDED from workspace\VLCDemo\AndroidManifest.xml:91:9-50
	android:name
		ADDED from workspace\VLCDemo\AndroidManifest.xml:91:19-47
activity#cn.ffcs.vlcdemo.xiyi
ADDED from workspace\VLCDemo\AndroidManifest.xml:92:9-42
	android:name
		ADDED from workspace\VLCDemo\AndroidManifest.xml:92:19-39
activity#cn.ffcs.vlcdemo.donger
ADDED from workspace\VLCDemo\AndroidManifest.xml:93:9-44
	android:name
		ADDED from workspace\VLCDemo\AndroidManifest.xml:93:19-41
activity#cn.ffcs.vlcdemo.dongsan
ADDED from workspace\VLCDemo\AndroidManifest.xml:94:9-45
	android:name
		ADDED from workspace\VLCDemo\AndroidManifest.xml:94:19-42
activity#cn.ffcs.vlcdemo.xisan
ADDED from workspace\VLCDemo\AndroidManifest.xml:95:9-43
	android:name
		ADDED from workspace\VLCDemo\AndroidManifest.xml:95:19-40
activity#cn.ffcs.vlcdemo.xier
ADDED from workspace\VLCDemo\AndroidManifest.xml:96:9-42
	android:name
		ADDED from workspace\VLCDemo\AndroidManifest.xml:96:19-39
activity#cn.ffcs.vlcdemo.xisi
ADDED from workspace\VLCDemo\AndroidManifest.xml:97:9-42
	android:name
		ADDED from workspace\VLCDemo\AndroidManifest.xml:97:19-39
activity#cn.ffcs.vlcdemo.dongsi
ADDED from workspace\VLCDemo\AndroidManifest.xml:98:9-44
	android:name
		ADDED from workspace\VLCDemo\AndroidManifest.xml:98:19-41
activity#cn.ffcs.vlcdemo.dongwu
ADDED from workspace\VLCDemo\AndroidManifest.xml:99:9-44
	android:name
		ADDED from workspace\VLCDemo\AndroidManifest.xml:99:19-41
activity#cn.ffcs.vlcdemo.dongwuzoulang
ADDED from workspace\VLCDemo\AndroidManifest.xml:100:9-51
	android:name
		ADDED from workspace\VLCDemo\AndroidManifest.xml:100:19-48
activity#cn.ffcs.vlcdemo.wulou
ADDED from workspace\VLCDemo\AndroidManifest.xml:101:9-43
	android:name
		ADDED from workspace\VLCDemo\AndroidManifest.xml:101:19-40
activity#com.example.pingtaitest.MainActivity
ADDED from workspace\VLCDemo\AndroidManifest.xml:102:9-113:20
	android:screenOrientation
		ADDED from workspace\VLCDemo\AndroidManifest.xml:107:13-49
	android:label
		ADDED from workspace\VLCDemo\AndroidManifest.xml:105:13-45
	android:launchMode
		ADDED from workspace\VLCDemo\AndroidManifest.xml:106:13-43
	android:configChanges
		ADDED from workspace\VLCDemo\AndroidManifest.xml:104:13-59
	android:name
		ADDED from workspace\VLCDemo\AndroidManifest.xml:103:13-64
intent-filter#android.intent.action.MAIN+android.intent.category.LAUNCHER
ADDED from workspace\VLCDemo\AndroidManifest.xml:108:13-112:29
action#android.intent.action.MAIN
ADDED from workspace\VLCDemo\AndroidManifest.xml:109:17-69
	android:name
		ADDED from workspace\VLCDemo\AndroidManifest.xml:109:25-66
category#android.intent.category.LAUNCHER
ADDED from workspace\VLCDemo\AndroidManifest.xml:111:17-77
	android:name
		ADDED from workspace\VLCDemo\AndroidManifest.xml:111:27-74
activity#vlc.android.VLC
ADDED from workspace\VLCDemo\AndroidManifest.xml:114:9-117:57
	android:screenOrientation
		ADDED from workspace\VLCDemo\AndroidManifest.xml:116:13-49
	android:windowSoftInputMode
		ADDED from workspace\VLCDemo\AndroidManifest.xml:117:13-54
	android:name
		ADDED from workspace\VLCDemo\AndroidManifest.xml:115:13-43
activity#org.videolan.vlc.gui.video.VideoPlayerActivity
ADDED from workspace\VLCDemo\AndroidManifest.xml:118:9-427:20
	android:screenOrientation
		ADDED from workspace\VLCDemo\AndroidManifest.xml:121:13-49
	android:configChanges
		ADDED from workspace\VLCDemo\AndroidManifest.xml:120:13-59
	android:theme
		ADDED from workspace\VLCDemo\AndroidManifest.xml:122:13-71
	android:name
		ADDED from workspace\VLCDemo\AndroidManifest.xml:119:13-74
intent-filter#android.intent.action.VIEW+android.intent.category.BROWSABLE+android.intent.category.DEFAULT
ADDED from workspace\VLCDemo\AndroidManifest.xml:125:13-141:29
action#android.intent.action.VIEW
ADDED from workspace\VLCDemo\AndroidManifest.xml:126:17-69
	android:name
		ADDED from workspace\VLCDemo\AndroidManifest.xml:126:25-66
category#android.intent.category.DEFAULT
ADDED from workspace\VLCDemo\AndroidManifest.xml:128:17-76
	android:name
		ADDED from workspace\VLCDemo\AndroidManifest.xml:128:27-73
category#android.intent.category.BROWSABLE
ADDED from workspace\VLCDemo\AndroidManifest.xml:129:17-78
	android:name
		ADDED from workspace\VLCDemo\AndroidManifest.xml:129:27-75
data
ADDED from workspace\VLCDemo\AndroidManifest.xml:131:17-47
	android:scheme
		ADDED from workspace\VLCDemo\AndroidManifest.xml:131:23-44
activity#com.example.pingtaitest.Activityjifang
ADDED from workspace\VLCDemo\AndroidManifest.xml:428:9-430:46
	android:label
		ADDED from workspace\VLCDemo\AndroidManifest.xml:430:13-43
	android:name
		ADDED from workspace\VLCDemo\AndroidManifest.xml:429:13-66
activity#com.example.pingtaitest.Activityhuanbao
ADDED from workspace\VLCDemo\AndroidManifest.xml:431:9-433:47
	android:label
		ADDED from workspace\VLCDemo\AndroidManifest.xml:433:13-44
	android:name
		ADDED from workspace\VLCDemo\AndroidManifest.xml:432:13-67
activity#com.example.pingtaitest.Activityhome
ADDED from workspace\VLCDemo\AndroidManifest.xml:434:9-436:44
	android:label
		ADDED from workspace\VLCDemo\AndroidManifest.xml:436:13-41
	android:name
		ADDED from workspace\VLCDemo\AndroidManifest.xml:435:13-64
activity#com.example.pingtaitest.Activitywendu
ADDED from workspace\VLCDemo\AndroidManifest.xml:437:9-74
	android:name
		ADDED from workspace\VLCDemo\AndroidManifest.xml:437:19-71
activity#com.example.pingtaitest.Activityshidu
ADDED from workspace\VLCDemo\AndroidManifest.xml:438:9-74
	android:name
		ADDED from workspace\VLCDemo\AndroidManifest.xml:438:19-71
activity#com.example.pingtaitest.Activitydian
ADDED from workspace\VLCDemo\AndroidManifest.xml:439:9-73
	android:name
		ADDED from workspace\VLCDemo\AndroidManifest.xml:439:19-70
activity#com.example.pingtaitest.Activityshuijin
ADDED from workspace\VLCDemo\AndroidManifest.xml:440:9-76
	android:name
		ADDED from workspace\VLCDemo\AndroidManifest.xml:440:19-73
activity#com.example.pingtaitest.Activityyanwu
ADDED from workspace\VLCDemo\AndroidManifest.xml:441:9-74
	android:name
		ADDED from workspace\VLCDemo\AndroidManifest.xml:441:19-71
activity#com.example.pingtaitest.Activitydengkong
ADDED from workspace\VLCDemo\AndroidManifest.xml:442:9-77
	android:name
		ADDED from workspace\VLCDemo\AndroidManifest.xml:442:19-74
activity#com.example.pingtaitest.Activitymenkong
ADDED from workspace\VLCDemo\AndroidManifest.xml:443:9-76
	android:name
		ADDED from workspace\VLCDemo\AndroidManifest.xml:443:19-73
activity#com.example.pingtaitest.IndexActivity
ADDED from workspace\VLCDemo\AndroidManifest.xml:444:9-74
	android:name
		ADDED from workspace\VLCDemo\AndroidManifest.xml:444:19-71
activity#com.example.pingtaitest.Activitysensor
ADDED from workspace\VLCDemo\AndroidManifest.xml:445:9-75
	android:name
		ADDED from workspace\VLCDemo\AndroidManifest.xml:445:19-72
activity#com.example.pingtaitest.Activitysensor1
ADDED from workspace\VLCDemo\AndroidManifest.xml:446:9-76
	android:name
		ADDED from workspace\VLCDemo\AndroidManifest.xml:446:19-73
activity#com.example.pingtaitest.Activitysensor2
ADDED from workspace\VLCDemo\AndroidManifest.xml:447:9-76
	android:name
		ADDED from workspace\VLCDemo\AndroidManifest.xml:447:19-73
activity#com.example.pingtaitest.Activityweixin
ADDED from workspace\VLCDemo\AndroidManifest.xml:448:9-75
	android:name
		ADDED from workspace\VLCDemo\AndroidManifest.xml:448:19-72
activity#com.example.pingtaitest.wxapi.WXEntryActivity
ADDED from workspace\VLCDemo\AndroidManifest.xml:449:9-452:48
	android:label
		ADDED from workspace\VLCDemo\AndroidManifest.xml:452:13-45
	android:exported
		ADDED from workspace\VLCDemo\AndroidManifest.xml:451:13-36
	android:name
		ADDED from workspace\VLCDemo\AndroidManifest.xml:450:13-73
activity#com.example.pingtaitest.ActivityShowDevice
ADDED from workspace\VLCDemo\AndroidManifest.xml:453:9-79
	android:name
		ADDED from workspace\VLCDemo\AndroidManifest.xml:453:19-76
activity#com.example.pingtaitest.ActivityShiPin
ADDED from workspace\VLCDemo\AndroidManifest.xml:454:9-75
	android:name
		ADDED from workspace\VLCDemo\AndroidManifest.xml:454:19-72
activity#com.example.pingtaitest.ActivityCameraManager
ADDED from workspace\VLCDemo\AndroidManifest.xml:455:9-82
	android:name
		ADDED from workspace\VLCDemo\AndroidManifest.xml:455:19-79
activity#com.example.pingtaitest.ActivityReverseDevice
ADDED from workspace\VLCDemo\AndroidManifest.xml:456:9-82
	android:name
		ADDED from workspace\VLCDemo\AndroidManifest.xml:456:19-79
activity#com.example.pingtaitest.ActivityControlDevice
ADDED from workspace\VLCDemo\AndroidManifest.xml:457:9-82
	android:name
		ADDED from workspace\VLCDemo\AndroidManifest.xml:457:19-79
activity#com.example.pingtaitest.ActivityDevice
ADDED from workspace\VLCDemo\AndroidManifest.xml:458:9-75
	android:name
		ADDED from workspace\VLCDemo\AndroidManifest.xml:458:19-72
activity#com.example.pingtaitest.SenssorsInfo
ADDED from workspace\VLCDemo\AndroidManifest.xml:459:9-460:20
	android:name
		ADDED from workspace\VLCDemo\AndroidManifest.xml:459:19-70
activity#cn.ffcs.vlcdemo.About
ADDED from workspace\VLCDemo\AndroidManifest.xml:461:9-464:20
	android:label
		ADDED from workspace\VLCDemo\AndroidManifest.xml:463:13-57
	android:name
		ADDED from workspace\VLCDemo\AndroidManifest.xml:462:13-34
activity#cn.ffcs.vlcdemo.Info
ADDED from workspace\VLCDemo\AndroidManifest.xml:465:9-468:20
	android:label
		ADDED from workspace\VLCDemo\AndroidManifest.xml:467:13-56
	android:name
		ADDED from workspace\VLCDemo\AndroidManifest.xml:466:13-33